-------------------------------------------------------------------------------
Test set: pkgempty.TestMyInteger
-------------------------------------------------------------------------------
Tests run: 1, Failures: 0, Errors: 1, Skipped: 0, Time elapsed: 0.081 sec <<< FAILURE!
testInteger(pkgempty.TestMyInteger)  Time elapsed: 0.028 sec  <<< ERROR!
java.lang.StackOverflowError
	at pkgempty.MyInteger.<init>(MyInteger.java:7)
	at pkgempty.MyInteger.<init>(MyInteger.java:10)
	at pkgempty.MyInteger.<init>(MyInteger.java:10)
	at pkgempty.MyInteger.<init>(MyInteger.java:10)
	at pkgempty.MyInteger.<init>(MyInteger.java:10)
	at pkgempty.MyInteger.<init>(MyInteger.java:10)
	at pkgempty.MyInteger.<init>(MyInteger.java:10)
	at pkgempty.MyInteger.<init>(MyInteger.java:10)
	at pkgempty.MyInteger.<init>(MyInteger.java:10)
	at pkgempty.MyInteger.<init>(MyInteger.java:10)
	at pkgempty.MyInteger.<init>(MyInteger.java:10)
	at pkgempty.MyInteger.<init>(MyInteger.java:10)
	at pkgempty.MyInteger.<init>(MyInteger.java:10)
	at pkgempty.MyInteger.<init>(MyInteger.java:10)
	at pkgempty.MyInteger.<init>(MyInteger.java:10)
	at pkgempty.MyInteger.<init>(MyInteger.java:10)
	at pkgempty.MyInteger.<init>(MyInteger.java:10)
	at pkgempty.MyInteger.<init>(MyInteger.java:10)
	at pkgempty.MyInteger.<init>(MyInteger.java:10)
	at pkgempty.MyInteger.<init>(MyInteger.java:10)
	at pkgempty.MyInteger.<init>(MyInteger.java:10)
	at pkgempty.MyInteger.<init>(MyInteger.java:10)
	at pkgempty.MyInteger.<init>(MyInteger.java:10)
	at pkgempty.MyInteger.<init>(MyInteger.java:10)
	at pkgempty.MyInteger.<init>(MyInteger.java:10)
	at pkgempty.MyInteger.<init>(MyInteger.java:10)
	at pkgempty.MyInteger.<init>(MyInteger.java:10)
	at pkgempty.MyInteger.<init>(MyInteger.java:10)
	at pkgempty.MyInteger.<init>(MyInteger.java:10)
	at pkgempty.MyInteger.<init>(MyInteger.java:10)
	at pkgempty.MyInteger.<init>(MyInteger.java:10)
	at pkgempty.MyInteger.<init>(MyInteger.java:10)
	at pkgempty.MyInteger.<init>(MyInteger.java:10)
	at pkgempty.MyInteger.<init>(MyInteger.java:10)
	at pkgempty.MyInteger.<init>(MyInteger.java:10)
	at pkgempty.MyInteger.<init>(MyInteger.java:10)
	at pkgempty.MyInteger.<init>(MyInteger.java:10)
	at pkgempty.MyInteger.<init>(MyInteger.java:10)
	at pkgempty.MyInteger.<init>(MyInteger.java:10)
	at pkgempty.MyInteger.<init>(MyInteger.java:10)
	at pkgempty.MyInteger.<init>(MyInteger.java:10)
	at pkgempty.MyInteger.<init>(MyInteger.java:10)
	at pkgempty.MyInteger.<init>(MyInteger.java:10)
	at pkgempty.MyInteger.<init>(MyInteger.java:10)
	at pkgempty.MyInteger.<init>(MyInteger.java:10)
	at pkgempty.MyInteger.<init>(MyInteger.java:10)
	at pkgempty.MyInteger.<init>(MyInteger.java:10)
	at pkgempty.MyInteger.<init>(MyInteger.java:10)
	at pkgempty.MyInteger.<init>(MyInteger.java:10)
	at pkgempty.MyInteger.<init>(MyInteger.java:10)
	at pkgempty.MyInteger.<init>(MyInteger.java:10)
	at pkgempty.MyInteger.<init>(MyInteger.java:10)
	at pkgempty.MyInteger.<init>(MyInteger.java:10)
	at pkgempty.MyInteger.<init>(MyInteger.java:10)
	at pkgempty.MyInteger.<init>(MyInteger.java:10)
	at pkgempty.MyInteger.<init>(MyInteger.java:10)
	at pkgempty.MyInteger.<init>(MyInteger.java:10)
	at pkgempty.MyInteger.<init>(MyInteger.java:10)
	at pkgempty.MyInteger.<init>(MyInteger.java:10)
	at pkgempty.MyInteger.<init>(MyInteger.java:10)
	at pkgempty.MyInteger.<init>(MyInteger.java:10)
	at pkgempty.MyInteger.<init>(MyInteger.java:10)
	at pkgempty.MyInteger.<init>(MyInteger.java:10)
	at pkgempty.MyInteger.<init>(MyInteger.java:10)
	at pkgempty.MyInteger.<init>(MyInteger.java:10)
	at pkgempty.MyInteger.<init>(MyInteger.java:10)
	at pkgempty.MyInteger.<init>(MyInteger.java:10)
	at pkgempty.MyInteger.<init>(MyInteger.java:10)
	at pkgempty.MyInteger.<init>(MyInteger.java:10)
	at pkgempty.MyInteger.<init>(MyInteger.java:10)
	at pkgempty.MyInteger.<init>(MyInteger.java:10)
	at pkgempty.MyInteger.<init>(MyInteger.java:10)
	at pkgempty.MyInteger.<init>(MyInteger.java:10)
	at pkgempty.MyInteger.<init>(MyInteger.java:10)
	at pkgempty.MyInteger.<init>(MyInteger.java:10)
	at pkgempty.MyInteger.<init>(MyInteger.java:10)
	at pkgempty.MyInteger.<init>(MyInteger.java:10)
	at pkgempty.MyInteger.<init>(MyInteger.java:10)
	at pkgempty.MyInteger.<init>(MyInteger.java:10)
	at pkgempty.MyInteger.<init>(MyInteger.java:10)
	at pkgempty.MyInteger.<init>(MyInteger.java:10)
	at pkgempty.MyInteger.<init>(MyInteger.java:10)
	at pkgempty.MyInteger.<init>(MyInteger.java:10)
	at pkgempty.MyInteger.<init>(MyInteger.java:10)
	at pkgempty.MyInteger.<init>(MyInteger.java:10)
	at pkgempty.MyInteger.<init>(MyInteger.java:10)
	at pkgempty.MyInteger.<init>(MyInteger.java:10)
	at pkgempty.MyInteger.<init>(MyInteger.java:10)
	at pkgempty.MyInteger.<init>(MyInteger.java:10)
	at pkgempty.MyInteger.<init>(MyInteger.java:10)
	at pkgempty.MyInteger.<init>(MyInteger.java:10)
	at pkgempty.MyInteger.<init>(MyInteger.java:10)
	at pkgempty.MyInteger.<init>(MyInteger.java:10)
	at pkgempty.MyInteger.<init>(MyInteger.java:10)
	at pkgempty.MyInteger.<init>(MyInteger.java:10)
	at pkgempty.MyInteger.<init>(MyInteger.java:10)
	at pkgempty.MyInteger.<init>(MyInteger.java:10)
	at pkgempty.MyInteger.<init>(MyInteger.java:10)
	at pkgempty.MyInteger.<init>(MyInteger.java:10)
	at pkgempty.MyInteger.<init>(MyInteger.java:10)
	at pkgempty.MyInteger.<init>(MyInteger.java:10)
	at pkgempty.MyInteger.<init>(MyInteger.java:10)
	at pkgempty.MyInteger.<init>(MyInteger.java:10)
	at pkgempty.MyInteger.<init>(MyInteger.java:10)
	at pkgempty.MyInteger.<init>(MyInteger.java:10)
	at pkgempty.MyInteger.<init>(MyInteger.java:10)
	at pkgempty.MyInteger.<init>(MyInteger.java:10)
	at pkgempty.MyInteger.<init>(MyInteger.java:10)
	at pkgempty.MyInteger.<init>(MyInteger.java:10)
	at pkgempty.MyInteger.<init>(MyInteger.java:10)
	at pkgempty.MyInteger.<init>(MyInteger.java:10)
	at pkgempty.MyInteger.<init>(MyInteger.java:10)
	at pkgempty.MyInteger.<init>(MyInteger.java:10)
	at pkgempty.MyInteger.<init>(MyInteger.java:10)
	at pkgempty.MyInteger.<init>(MyInteger.java:10)
	at pkgempty.MyInteger.<init>(MyInteger.java:10)
	at pkgempty.MyInteger.<init>(MyInteger.java:10)
	at pkgempty.MyInteger.<init>(MyInteger.java:10)
	at pkgempty.MyInteger.<init>(MyInteger.java:10)
	at pkgempty.MyInteger.<init>(MyInteger.java:10)
	at pkgempty.MyInteger.<init>(MyInteger.java:10)
	at pkgempty.MyInteger.<init>(MyInteger.java:10)
	at pkgempty.MyInteger.<init>(MyInteger.java:10)
	at pkgempty.MyInteger.<init>(MyInteger.java:10)
	at pkgempty.MyInteger.<init>(MyInteger.java:10)
	at pkgempty.MyInteger.<init>(MyInteger.java:10)
	at pkgempty.MyInteger.<init>(MyInteger.java:10)
	at pkgempty.MyInteger.<init>(MyInteger.java:10)
	at pkgempty.MyInteger.<init>(MyInteger.java:10)
	at pkgempty.MyInteger.<init>(MyInteger.java:10)
	at pkgempty.MyInteger.<init>(MyInteger.java:10)
	at pkgempty.MyInteger.<init>(MyInteger.java:10)
	at pkgempty.MyInteger.<init>(MyInteger.java:10)
	at pkgempty.MyInteger.<init>(MyInteger.java:10)
	at pkgempty.MyInteger.<init>(MyInteger.java:10)
	at pkgempty.MyInteger.<init>(MyInteger.java:10)
	at pkgempty.MyInteger.<init>(MyInteger.java:10)
	at pkgempty.MyInteger.<init>(MyInteger.java:10)
	at pkgempty.MyInteger.<init>(MyInteger.java:10)
	at pkgempty.MyInteger.<init>(MyInteger.java:10)
	at pkgempty.MyInteger.<init>(MyInteger.java:10)
	at pkgempty.MyInteger.<init>(MyInteger.java:10)
	at pkgempty.MyInteger.<init>(MyInteger.java:10)
	at pkgempty.MyInteger.<init>(MyInteger.java:10)
	at pkgempty.MyInteger.<init>(MyInteger.java:10)
	at pkgempty.MyInteger.<init>(MyInteger.java:10)
	at pkgempty.MyInteger.<init>(MyInteger.java:10)
	at pkgempty.MyInteger.<init>(MyInteger.java:10)
	at pkgempty.MyInteger.<init>(MyInteger.java:10)
	at pkgempty.MyInteger.<init>(MyInteger.java:10)
	at pkgempty.MyInteger.<init>(MyInteger.java:10)
	at pkgempty.MyInteger.<init>(MyInteger.java:10)
	at pkgempty.MyInteger.<init>(MyInteger.java:10)
	at pkgempty.MyInteger.<init>(MyInteger.java:10)
	at pkgempty.MyInteger.<init>(MyInteger.java:10)
	at pkgempty.MyInteger.<init>(MyInteger.java:10)
	at pkgempty.MyInteger.<init>(MyInteger.java:10)
	at pkgempty.MyInteger.<init>(MyInteger.java:10)
	at pkgempty.MyInteger.<init>(MyInteger.java:10)
	at pkgempty.MyInteger.<init>(MyInteger.java:10)
	at pkgempty.MyInteger.<init>(MyInteger.java:10)
	at pkgempty.MyInteger.<init>(MyInteger.java:10)
	at pkgempty.MyInteger.<init>(MyInteger.java:10)
	at pkgempty.MyInteger.<init>(MyInteger.java:10)
	at pkgempty.MyInteger.<init>(MyInteger.java:10)
	at pkgempty.MyInteger.<init>(MyInteger.java:10)
	at pkgempty.MyInteger.<init>(MyInteger.java:10)
	at pkgempty.MyInteger.<init>(MyInteger.java:10)
	at pkgempty.MyInteger.<init>(MyInteger.java:10)
	at pkgempty.MyInteger.<init>(MyInteger.java:10)
	at pkgempty.MyInteger.<init>(MyInteger.java:10)
	at pkgempty.MyInteger.<init>(MyInteger.java:10)
	at pkgempty.MyInteger.<init>(MyInteger.java:10)
	at pkgempty.MyInteger.<init>(MyInteger.java:10)
	at pkgempty.MyInteger.<init>(MyInteger.java:10)
	at pkgempty.MyInteger.<init>(MyInteger.java:10)
	at pkgempty.MyInteger.<init>(MyInteger.java:10)
	at pkgempty.MyInteger.<init>(MyInteger.java:10)
	at pkgempty.MyInteger.<init>(MyInteger.java:10)
	at pkgempty.MyInteger.<init>(MyInteger.java:10)
	at pkgempty.MyInteger.<init>(MyInteger.java:10)
	at pkgempty.MyInteger.<init>(MyInteger.java:10)
	at pkgempty.MyInteger.<init>(MyInteger.java:10)
	at pkgempty.MyInteger.<init>(MyInteger.java:10)
	at pkgempty.MyInteger.<init>(MyInteger.java:10)
	at pkgempty.MyInteger.<init>(MyInteger.java:10)
	at pkgempty.MyInteger.<init>(MyInteger.java:10)
	at pkgempty.MyInteger.<init>(MyInteger.java:10)
	at pkgempty.MyInteger.<init>(MyInteger.java:10)
	at pkgempty.MyInteger.<init>(MyInteger.java:10)
	at pkgempty.MyInteger.<init>(MyInteger.java:10)
	at pkgempty.MyInteger.<init>(MyInteger.java:10)
	at pkgempty.MyInteger.<init>(MyInteger.java:10)
	at pkgempty.MyInteger.<init>(MyInteger.java:10)
	at pkgempty.MyInteger.<init>(MyInteger.java:10)
	at pkgempty.MyInteger.<init>(MyInteger.java:10)
	at pkgempty.MyInteger.<init>(MyInteger.java:10)
	at pkgempty.MyInteger.<init>(MyInteger.java:10)
	at pkgempty.MyInteger.<init>(MyInteger.java:10)
	at pkgempty.MyInteger.<init>(MyInteger.java:10)
	at pkgempty.MyInteger.<init>(MyInteger.java:10)
	at pkgempty.MyInteger.<init>(MyInteger.java:10)
	at pkgempty.MyInteger.<init>(MyInteger.java:10)
	at pkgempty.MyInteger.<init>(MyInteger.java:10)
	at pkgempty.MyInteger.<init>(MyInteger.java:10)
	at pkgempty.MyInteger.<init>(MyInteger.java:10)
	at pkgempty.MyInteger.<init>(MyInteger.java:10)
	at pkgempty.MyInteger.<init>(MyInteger.java:10)
	at pkgempty.MyInteger.<init>(MyInteger.java:10)
	at pkgempty.MyInteger.<init>(MyInteger.java:10)
	at pkgempty.MyInteger.<init>(MyInteger.java:10)
	at pkgempty.MyInteger.<init>(MyInteger.java:10)
	at pkgempty.MyInteger.<init>(MyInteger.java:10)
	at pkgempty.MyInteger.<init>(MyInteger.java:10)
	at pkgempty.MyInteger.<init>(MyInteger.java:10)
	at pkgempty.MyInteger.<init>(MyInteger.java:10)
	at pkgempty.MyInteger.<init>(MyInteger.java:10)
	at pkgempty.MyInteger.<init>(MyInteger.java:10)
	at pkgempty.MyInteger.<init>(MyInteger.java:10)
	at pkgempty.MyInteger.<init>(MyInteger.java:10)
	at pkgempty.MyInteger.<init>(MyInteger.java:10)
	at pkgempty.MyInteger.<init>(MyInteger.java:10)
	at pkgempty.MyInteger.<init>(MyInteger.java:10)
	at pkgempty.MyInteger.<init>(MyInteger.java:10)
	at pkgempty.MyInteger.<init>(MyInteger.java:10)
	at pkgempty.MyInteger.<init>(MyInteger.java:10)
	at pkgempty.MyInteger.<init>(MyInteger.java:10)
	at pkgempty.MyInteger.<init>(MyInteger.java:10)
	at pkgempty.MyInteger.<init>(MyInteger.java:10)
	at pkgempty.MyInteger.<init>(MyInteger.java:10)
	at pkgempty.MyInteger.<init>(MyInteger.java:10)
	at pkgempty.MyInteger.<init>(MyInteger.java:10)
	at pkgempty.MyInteger.<init>(MyInteger.java:10)
	at pkgempty.MyInteger.<init>(MyInteger.java:10)
	at pkgempty.MyInteger.<init>(MyInteger.java:10)
	at pkgempty.MyInteger.<init>(MyInteger.java:10)
	at pkgempty.MyInteger.<init>(MyInteger.java:10)
	at pkgempty.MyInteger.<init>(MyInteger.java:10)
	at pkgempty.MyInteger.<init>(MyInteger.java:10)
	at pkgempty.MyInteger.<init>(MyInteger.java:10)
	at pkgempty.MyInteger.<init>(MyInteger.java:10)
	at pkgempty.MyInteger.<init>(MyInteger.java:10)
	at pkgempty.MyInteger.<init>(MyInteger.java:10)
	at pkgempty.MyInteger.<init>(MyInteger.java:10)
	at pkgempty.MyInteger.<init>(MyInteger.java:10)
	at pkgempty.MyInteger.<init>(MyInteger.java:10)
	at pkgempty.MyInteger.<init>(MyInteger.java:10)
	at pkgempty.MyInteger.<init>(MyInteger.java:10)
	at pkgempty.MyInteger.<init>(MyInteger.java:10)
	at pkgempty.MyInteger.<init>(MyInteger.java:10)
	at pkgempty.MyInteger.<init>(MyInteger.java:10)
	at pkgempty.MyInteger.<init>(MyInteger.java:10)
	at pkgempty.MyInteger.<init>(MyInteger.java:10)
	at pkgempty.MyInteger.<init>(MyInteger.java:10)
	at pkgempty.MyInteger.<init>(MyInteger.java:10)
	at pkgempty.MyInteger.<init>(MyInteger.java:10)
	at pkgempty.MyInteger.<init>(MyInteger.java:10)
	at pkgempty.MyInteger.<init>(MyInteger.java:10)
	at pkgempty.MyInteger.<init>(MyInteger.java:10)
	at pkgempty.MyInteger.<init>(MyInteger.java:10)
	at pkgempty.MyInteger.<init>(MyInteger.java:10)
	at pkgempty.MyInteger.<init>(MyInteger.java:10)
	at pkgempty.MyInteger.<init>(MyInteger.java:10)
	at pkgempty.MyInteger.<init>(MyInteger.java:10)
	at pkgempty.MyInteger.<init>(MyInteger.java:10)
	at pkgempty.MyInteger.<init>(MyInteger.java:10)
	at pkgempty.MyInteger.<init>(MyInteger.java:10)
	at pkgempty.MyInteger.<init>(MyInteger.java:10)
	at pkgempty.MyInteger.<init>(MyInteger.java:10)
	at pkgempty.MyInteger.<init>(MyInteger.java:10)
	at pkgempty.MyInteger.<init>(MyInteger.java:10)
	at pkgempty.MyInteger.<init>(MyInteger.java:10)
	at pkgempty.MyInteger.<init>(MyInteger.java:10)
	at pkgempty.MyInteger.<init>(MyInteger.java:10)
	at pkgempty.MyInteger.<init>(MyInteger.java:10)
	at pkgempty.MyInteger.<init>(MyInteger.java:10)
	at pkgempty.MyInteger.<init>(MyInteger.java:10)
	at pkgempty.MyInteger.<init>(MyInteger.java:10)
	at pkgempty.MyInteger.<init>(MyInteger.java:10)
	at pkgempty.MyInteger.<init>(MyInteger.java:10)
	at pkgempty.MyInteger.<init>(MyInteger.java:10)
	at pkgempty.MyInteger.<init>(MyInteger.java:10)
	at pkgempty.MyInteger.<init>(MyInteger.java:10)
	at pkgempty.MyInteger.<init>(MyInteger.java:10)
	at pkgempty.MyInteger.<init>(MyInteger.java:10)
	at pkgempty.MyInteger.<init>(MyInteger.java:10)
	at pkgempty.MyInteger.<init>(MyInteger.java:10)
	at pkgempty.MyInteger.<init>(MyInteger.java:10)
	at pkgempty.MyInteger.<init>(MyInteger.java:10)
	at pkgempty.MyInteger.<init>(MyInteger.java:10)
	at pkgempty.MyInteger.<init>(MyInteger.java:10)
	at pkgempty.MyInteger.<init>(MyInteger.java:10)
	at pkgempty.MyInteger.<init>(MyInteger.java:10)
	at pkgempty.MyInteger.<init>(MyInteger.java:10)
	at pkgempty.MyInteger.<init>(MyInteger.java:10)
	at pkgempty.MyInteger.<init>(MyInteger.java:10)
	at pkgempty.MyInteger.<init>(MyInteger.java:10)
	at pkgempty.MyInteger.<init>(MyInteger.java:10)
	at pkgempty.MyInteger.<init>(MyInteger.java:10)
	at pkgempty.MyInteger.<init>(MyInteger.java:10)
	at pkgempty.MyInteger.<init>(MyInteger.java:10)
	at pkgempty.MyInteger.<init>(MyInteger.java:10)
	at pkgempty.MyInteger.<init>(MyInteger.java:10)
	at pkgempty.MyInteger.<init>(MyInteger.java:10)
	at pkgempty.MyInteger.<init>(MyInteger.java:10)
	at pkgempty.MyInteger.<init>(MyInteger.java:10)
	at pkgempty.MyInteger.<init>(MyInteger.java:10)
	at pkgempty.MyInteger.<init>(MyInteger.java:10)
	at pkgempty.MyInteger.<init>(MyInteger.java:10)
	at pkgempty.MyInteger.<init>(MyInteger.java:10)
	at pkgempty.MyInteger.<init>(MyInteger.java:10)
	at pkgempty.MyInteger.<init>(MyInteger.java:10)
	at pkgempty.MyInteger.<init>(MyInteger.java:10)
	at pkgempty.MyInteger.<init>(MyInteger.java:10)
	at pkgempty.MyInteger.<init>(MyInteger.java:10)
	at pkgempty.MyInteger.<init>(MyInteger.java:10)
	at pkgempty.MyInteger.<init>(MyInteger.java:10)
	at pkgempty.MyInteger.<init>(MyInteger.java:10)
	at pkgempty.MyInteger.<init>(MyInteger.java:10)
	at pkgempty.MyInteger.<init>(MyInteger.java:10)
	at pkgempty.MyInteger.<init>(MyInteger.java:10)
	at pkgempty.MyInteger.<init>(MyInteger.java:10)
	at pkgempty.MyInteger.<init>(MyInteger.java:10)
	at pkgempty.MyInteger.<init>(MyInteger.java:10)
	at pkgempty.MyInteger.<init>(MyInteger.java:10)
	at pkgempty.MyInteger.<init>(MyInteger.java:10)
	at pkgempty.MyInteger.<init>(MyInteger.java:10)
	at pkgempty.MyInteger.<init>(MyInteger.java:10)
	at pkgempty.MyInteger.<init>(MyInteger.java:10)
	at pkgempty.MyInteger.<init>(MyInteger.java:10)
	at pkgempty.MyInteger.<init>(MyInteger.java:10)
	at pkgempty.MyInteger.<init>(MyInteger.java:10)
	at pkgempty.MyInteger.<init>(MyInteger.java:10)
	at pkgempty.MyInteger.<init>(MyInteger.java:10)
	at pkgempty.MyInteger.<init>(MyInteger.java:10)
	at pkgempty.MyInteger.<init>(MyInteger.java:10)
	at pkgempty.MyInteger.<init>(MyInteger.java:10)
	at pkgempty.MyInteger.<init>(MyInteger.java:10)
	at pkgempty.MyInteger.<init>(MyInteger.java:10)
	at pkgempty.MyInteger.<init>(MyInteger.java:10)
	at pkgempty.MyInteger.<init>(MyInteger.java:10)
	at pkgempty.MyInteger.<init>(MyInteger.java:10)
	at pkgempty.MyInteger.<init>(MyInteger.java:10)
	at pkgempty.MyInteger.<init>(MyInteger.java:10)
	at pkgempty.MyInteger.<init>(MyInteger.java:10)
	at pkgempty.MyInteger.<init>(MyInteger.java:10)
	at pkgempty.MyInteger.<init>(MyInteger.java:10)
	at pkgempty.MyInteger.<init>(MyInteger.java:10)
	at pkgempty.MyInteger.<init>(MyInteger.java:10)
	at pkgempty.MyInteger.<init>(MyInteger.java:10)
	at pkgempty.MyInteger.<init>(MyInteger.java:10)
	at pkgempty.MyInteger.<init>(MyInteger.java:10)
	at pkgempty.MyInteger.<init>(MyInteger.java:10)
	at pkgempty.MyInteger.<init>(MyInteger.java:10)
	at pkgempty.MyInteger.<init>(MyInteger.java:10)
	at pkgempty.MyInteger.<init>(MyInteger.java:10)
	at pkgempty.MyInteger.<init>(MyInteger.java:10)
	at pkgempty.MyInteger.<init>(MyInteger.java:10)
	at pkgempty.MyInteger.<init>(MyInteger.java:10)
	at pkgempty.MyInteger.<init>(MyInteger.java:10)
	at pkgempty.MyInteger.<init>(MyInteger.java:10)
	at pkgempty.MyInteger.<init>(MyInteger.java:10)
	at pkgempty.MyInteger.<init>(MyInteger.java:10)
	at pkgempty.MyInteger.<init>(MyInteger.java:10)
	at pkgempty.MyInteger.<init>(MyInteger.java:10)
	at pkgempty.MyInteger.<init>(MyInteger.java:10)
	at pkgempty.MyInteger.<init>(MyInteger.java:10)
	at pkgempty.MyInteger.<init>(MyInteger.java:10)
	at pkgempty.MyInteger.<init>(MyInteger.java:10)
	at pkgempty.MyInteger.<init>(MyInteger.java:10)
	at pkgempty.MyInteger.<init>(MyInteger.java:10)
	at pkgempty.MyInteger.<init>(MyInteger.java:10)
	at pkgempty.MyInteger.<init>(MyInteger.java:10)
	at pkgempty.MyInteger.<init>(MyInteger.java:10)
	at pkgempty.MyInteger.<init>(MyInteger.java:10)
	at pkgempty.MyInteger.<init>(MyInteger.java:10)
	at pkgempty.MyInteger.<init>(MyInteger.java:10)
	at pkgempty.MyInteger.<init>(MyInteger.java:10)
	at pkgempty.MyInteger.<init>(MyInteger.java:10)
	at pkgempty.MyInteger.<init>(MyInteger.java:10)
	at pkgempty.MyInteger.<init>(MyInteger.java:10)
	at pkgempty.MyInteger.<init>(MyInteger.java:10)
	at pkgempty.MyInteger.<init>(MyInteger.java:10)
	at pkgempty.MyInteger.<init>(MyInteger.java:10)
	at pkgempty.MyInteger.<init>(MyInteger.java:10)
	at pkgempty.MyInteger.<init>(MyInteger.java:10)
	at pkgempty.MyInteger.<init>(MyInteger.java:10)
	at pkgempty.MyInteger.<init>(MyInteger.java:10)
	at pkgempty.MyInteger.<init>(MyInteger.java:10)
	at pkgempty.MyInteger.<init>(MyInteger.java:10)
	at pkgempty.MyInteger.<init>(MyInteger.java:10)
	at pkgempty.MyInteger.<init>(MyInteger.java:10)
	at pkgempty.MyInteger.<init>(MyInteger.java:10)
	at pkgempty.MyInteger.<init>(MyInteger.java:10)
	at pkgempty.MyInteger.<init>(MyInteger.java:10)
	at pkgempty.MyInteger.<init>(MyInteger.java:10)
	at pkgempty.MyInteger.<init>(MyInteger.java:10)
	at pkgempty.MyInteger.<init>(MyInteger.java:10)
	at pkgempty.MyInteger.<init>(MyInteger.java:10)
	at pkgempty.MyInteger.<init>(MyInteger.java:10)
	at pkgempty.MyInteger.<init>(MyInteger.java:10)
	at pkgempty.MyInteger.<init>(MyInteger.java:10)
	at pkgempty.MyInteger.<init>(MyInteger.java:10)
	at pkgempty.MyInteger.<init>(MyInteger.java:10)
	at pkgempty.MyInteger.<init>(MyInteger.java:10)
	at pkgempty.MyInteger.<init>(MyInteger.java:10)
	at pkgempty.MyInteger.<init>(MyInteger.java:10)
	at pkgempty.MyInteger.<init>(MyInteger.java:10)
	at pkgempty.MyInteger.<init>(MyInteger.java:10)
	at pkgempty.MyInteger.<init>(MyInteger.java:10)
	at pkgempty.MyInteger.<init>(MyInteger.java:10)
	at pkgempty.MyInteger.<init>(MyInteger.java:10)
	at pkgempty.MyInteger.<init>(MyInteger.java:10)
	at pkgempty.MyInteger.<init>(MyInteger.java:10)
	at pkgempty.MyInteger.<init>(MyInteger.java:10)
	at pkgempty.MyInteger.<init>(MyInteger.java:10)
	at pkgempty.MyInteger.<init>(MyInteger.java:10)
	at pkgempty.MyInteger.<init>(MyInteger.java:10)
	at pkgempty.MyInteger.<init>(MyInteger.java:10)
	at pkgempty.MyInteger.<init>(MyInteger.java:10)
	at pkgempty.MyInteger.<init>(MyInteger.java:10)
	at pkgempty.MyInteger.<init>(MyInteger.java:10)
	at pkgempty.MyInteger.<init>(MyInteger.java:10)
	at pkgempty.MyInteger.<init>(MyInteger.java:10)
	at pkgempty.MyInteger.<init>(MyInteger.java:10)
	at pkgempty.MyInteger.<init>(MyInteger.java:10)
	at pkgempty.MyInteger.<init>(MyInteger.java:10)
	at pkgempty.MyInteger.<init>(MyInteger.java:10)
	at pkgempty.MyInteger.<init>(MyInteger.java:10)
	at pkgempty.MyInteger.<init>(MyInteger.java:10)
	at pkgempty.MyInteger.<init>(MyInteger.java:10)
	at pkgempty.MyInteger.<init>(MyInteger.java:10)
	at pkgempty.MyInteger.<init>(MyInteger.java:10)
	at pkgempty.MyInteger.<init>(MyInteger.java:10)
	at pkgempty.MyInteger.<init>(MyInteger.java:10)
	at pkgempty.MyInteger.<init>(MyInteger.java:10)
	at pkgempty.MyInteger.<init>(MyInteger.java:10)
	at pkgempty.MyInteger.<init>(MyInteger.java:10)
	at pkgempty.MyInteger.<init>(MyInteger.java:10)
	at pkgempty.MyInteger.<init>(MyInteger.java:10)
	at pkgempty.MyInteger.<init>(MyInteger.java:10)
	at pkgempty.MyInteger.<init>(MyInteger.java:10)
	at pkgempty.MyInteger.<init>(MyInteger.java:10)
	at pkgempty.MyInteger.<init>(MyInteger.java:10)
	at pkgempty.MyInteger.<init>(MyInteger.java:10)
	at pkgempty.MyInteger.<init>(MyInteger.java:10)
	at pkgempty.MyInteger.<init>(MyInteger.java:10)
	at pkgempty.MyInteger.<init>(MyInteger.java:10)
	at pkgempty.MyInteger.<init>(MyInteger.java:10)
	at pkgempty.MyInteger.<init>(MyInteger.java:10)
	at pkgempty.MyInteger.<init>(MyInteger.java:10)
	at pkgempty.MyInteger.<init>(MyInteger.java:10)
	at pkgempty.MyInteger.<init>(MyInteger.java:10)
	at pkgempty.MyInteger.<init>(MyInteger.java:10)
	at pkgempty.MyInteger.<init>(MyInteger.java:10)
	at pkgempty.MyInteger.<init>(MyInteger.java:10)
	at pkgempty.MyInteger.<init>(MyInteger.java:10)
	at pkgempty.MyInteger.<init>(MyInteger.java:10)
	at pkgempty.MyInteger.<init>(MyInteger.java:10)
	at pkgempty.MyInteger.<init>(MyInteger.java:10)
	at pkgempty.MyInteger.<init>(MyInteger.java:10)
	at pkgempty.MyInteger.<init>(MyInteger.java:10)
	at pkgempty.MyInteger.<init>(MyInteger.java:10)
	at pkgempty.MyInteger.<init>(MyInteger.java:10)
	at pkgempty.MyInteger.<init>(MyInteger.java:10)
	at pkgempty.MyInteger.<init>(MyInteger.java:10)
	at pkgempty.MyInteger.<init>(MyInteger.java:10)
	at pkgempty.MyInteger.<init>(MyInteger.java:10)
	at pkgempty.MyInteger.<init>(MyInteger.java:10)
	at pkgempty.MyInteger.<init>(MyInteger.java:10)
	at pkgempty.MyInteger.<init>(MyInteger.java:10)
	at pkgempty.MyInteger.<init>(MyInteger.java:10)
	at pkgempty.MyInteger.<init>(MyInteger.java:10)
	at pkgempty.MyInteger.<init>(MyInteger.java:10)
	at pkgempty.MyInteger.<init>(MyInteger.java:10)
	at pkgempty.MyInteger.<init>(MyInteger.java:10)
	at pkgempty.MyInteger.<init>(MyInteger.java:10)
	at pkgempty.MyInteger.<init>(MyInteger.java:10)
	at pkgempty.MyInteger.<init>(MyInteger.java:10)
	at pkgempty.MyInteger.<init>(MyInteger.java:10)
	at pkgempty.MyInteger.<init>(MyInteger.java:10)
	at pkgempty.MyInteger.<init>(MyInteger.java:10)
	at pkgempty.MyInteger.<init>(MyInteger.java:10)
	at pkgempty.MyInteger.<init>(MyInteger.java:10)
	at pkgempty.MyInteger.<init>(MyInteger.java:10)
	at pkgempty.MyInteger.<init>(MyInteger.java:10)
	at pkgempty.MyInteger.<init>(MyInteger.java:10)
	at pkgempty.MyInteger.<init>(MyInteger.java:10)
	at pkgempty.MyInteger.<init>(MyInteger.java:10)
	at pkgempty.MyInteger.<init>(MyInteger.java:10)
	at pkgempty.MyInteger.<init>(MyInteger.java:10)
	at pkgempty.MyInteger.<init>(MyInteger.java:10)
	at pkgempty.MyInteger.<init>(MyInteger.java:10)
	at pkgempty.MyInteger.<init>(MyInteger.java:10)
	at pkgempty.MyInteger.<init>(MyInteger.java:10)
	at pkgempty.MyInteger.<init>(MyInteger.java:10)
	at pkgempty.MyInteger.<init>(MyInteger.java:10)
	at pkgempty.MyInteger.<init>(MyInteger.java:10)
	at pkgempty.MyInteger.<init>(MyInteger.java:10)
	at pkgempty.MyInteger.<init>(MyInteger.java:10)
	at pkgempty.MyInteger.<init>(MyInteger.java:10)
	at pkgempty.MyInteger.<init>(MyInteger.java:10)
	at pkgempty.MyInteger.<init>(MyInteger.java:10)
	at pkgempty.MyInteger.<init>(MyInteger.java:10)
	at pkgempty.MyInteger.<init>(MyInteger.java:10)
	at pkgempty.MyInteger.<init>(MyInteger.java:10)
	at pkgempty.MyInteger.<init>(MyInteger.java:10)
	at pkgempty.MyInteger.<init>(MyInteger.java:10)
	at pkgempty.MyInteger.<init>(MyInteger.java:10)
	at pkgempty.MyInteger.<init>(MyInteger.java:10)
	at pkgempty.MyInteger.<init>(MyInteger.java:10)
	at pkgempty.MyInteger.<init>(MyInteger.java:10)
	at pkgempty.MyInteger.<init>(MyInteger.java:10)
	at pkgempty.MyInteger.<init>(MyInteger.java:10)
	at pkgempty.MyInteger.<init>(MyInteger.java:10)
	at pkgempty.MyInteger.<init>(MyInteger.java:10)
	at pkgempty.MyInteger.<init>(MyInteger.java:10)
	at pkgempty.MyInteger.<init>(MyInteger.java:10)
	at pkgempty.MyInteger.<init>(MyInteger.java:10)
	at pkgempty.MyInteger.<init>(MyInteger.java:10)
	at pkgempty.MyInteger.<init>(MyInteger.java:10)
	at pkgempty.MyInteger.<init>(MyInteger.java:10)
	at pkgempty.MyInteger.<init>(MyInteger.java:10)
	at pkgempty.MyInteger.<init>(MyInteger.java:10)
	at pkgempty.MyInteger.<init>(MyInteger.java:10)
	at pkgempty.MyInteger.<init>(MyInteger.java:10)
	at pkgempty.MyInteger.<init>(MyInteger.java:10)
	at pkgempty.MyInteger.<init>(MyInteger.java:10)
	at pkgempty.MyInteger.<init>(MyInteger.java:10)
	at pkgempty.MyInteger.<init>(MyInteger.java:10)
	at pkgempty.MyInteger.<init>(MyInteger.java:10)
	at pkgempty.MyInteger.<init>(MyInteger.java:10)
	at pkgempty.MyInteger.<init>(MyInteger.java:10)
	at pkgempty.MyInteger.<init>(MyInteger.java:10)
	at pkgempty.MyInteger.<init>(MyInteger.java:10)
	at pkgempty.MyInteger.<init>(MyInteger.java:10)
	at pkgempty.MyInteger.<init>(MyInteger.java:10)
	at pkgempty.MyInteger.<init>(MyInteger.java:10)
	at pkgempty.MyInteger.<init>(MyInteger.java:10)
	at pkgempty.MyInteger.<init>(MyInteger.java:10)
	at pkgempty.MyInteger.<init>(MyInteger.java:10)
	at pkgempty.MyInteger.<init>(MyInteger.java:10)
	at pkgempty.MyInteger.<init>(MyInteger.java:10)
	at pkgempty.MyInteger.<init>(MyInteger.java:10)
	at pkgempty.MyInteger.<init>(MyInteger.java:10)
	at pkgempty.MyInteger.<init>(MyInteger.java:10)
	at pkgempty.MyInteger.<init>(MyInteger.java:10)
	at pkgempty.MyInteger.<init>(MyInteger.java:10)
	at pkgempty.MyInteger.<init>(MyInteger.java:10)
	at pkgempty.MyInteger.<init>(MyInteger.java:10)
	at pkgempty.MyInteger.<init>(MyInteger.java:10)
	at pkgempty.MyInteger.<init>(MyInteger.java:10)
	at pkgempty.MyInteger.<init>(MyInteger.java:10)
	at pkgempty.MyInteger.<init>(MyInteger.java:10)
	at pkgempty.MyInteger.<init>(MyInteger.java:10)
	at pkgempty.MyInteger.<init>(MyInteger.java:10)
	at pkgempty.MyInteger.<init>(MyInteger.java:10)
	at pkgempty.MyInteger.<init>(MyInteger.java:10)
	at pkgempty.MyInteger.<init>(MyInteger.java:10)
	at pkgempty.MyInteger.<init>(MyInteger.java:10)
	at pkgempty.MyInteger.<init>(MyInteger.java:10)
	at pkgempty.MyInteger.<init>(MyInteger.java:10)
	at pkgempty.MyInteger.<init>(MyInteger.java:10)
	at pkgempty.MyInteger.<init>(MyInteger.java:10)
	at pkgempty.MyInteger.<init>(MyInteger.java:10)
	at pkgempty.MyInteger.<init>(MyInteger.java:10)
	at pkgempty.MyInteger.<init>(MyInteger.java:10)
	at pkgempty.MyInteger.<init>(MyInteger.java:10)
	at pkgempty.MyInteger.<init>(MyInteger.java:10)
	at pkgempty.MyInteger.<init>(MyInteger.java:10)
	at pkgempty.MyInteger.<init>(MyInteger.java:10)
	at pkgempty.MyInteger.<init>(MyInteger.java:10)
	at pkgempty.MyInteger.<init>(MyInteger.java:10)
	at pkgempty.MyInteger.<init>(MyInteger.java:10)
	at pkgempty.MyInteger.<init>(MyInteger.java:10)
	at pkgempty.MyInteger.<init>(MyInteger.java:10)
	at pkgempty.MyInteger.<init>(MyInteger.java:10)
	at pkgempty.MyInteger.<init>(MyInteger.java:10)
	at pkgempty.MyInteger.<init>(MyInteger.java:10)
	at pkgempty.MyInteger.<init>(MyInteger.java:10)
	at pkgempty.MyInteger.<init>(MyInteger.java:10)
	at pkgempty.MyInteger.<init>(MyInteger.java:10)
	at pkgempty.MyInteger.<init>(MyInteger.java:10)
	at pkgempty.MyInteger.<init>(MyInteger.java:10)
	at pkgempty.MyInteger.<init>(MyInteger.java:10)
	at pkgempty.MyInteger.<init>(MyInteger.java:10)
	at pkgempty.MyInteger.<init>(MyInteger.java:10)
	at pkgempty.MyInteger.<init>(MyInteger.java:10)
	at pkgempty.MyInteger.<init>(MyInteger.java:10)
	at pkgempty.MyInteger.<init>(MyInteger.java:10)
	at pkgempty.MyInteger.<init>(MyInteger.java:10)
	at pkgempty.MyInteger.<init>(MyInteger.java:10)
	at pkgempty.MyInteger.<init>(MyInteger.java:10)
	at pkgempty.MyInteger.<init>(MyInteger.java:10)
	at pkgempty.MyInteger.<init>(MyInteger.java:10)
	at pkgempty.MyInteger.<init>(MyInteger.java:10)
	at pkgempty.MyInteger.<init>(MyInteger.java:10)
	at pkgempty.MyInteger.<init>(MyInteger.java:10)
	at pkgempty.MyInteger.<init>(MyInteger.java:10)
	at pkgempty.MyInteger.<init>(MyInteger.java:10)
	at pkgempty.MyInteger.<init>(MyInteger.java:10)
	at pkgempty.MyInteger.<init>(MyInteger.java:10)
	at pkgempty.MyInteger.<init>(MyInteger.java:10)
	at pkgempty.MyInteger.<init>(MyInteger.java:10)
	at pkgempty.MyInteger.<init>(MyInteger.java:10)
	at pkgempty.MyInteger.<init>(MyInteger.java:10)
	at pkgempty.MyInteger.<init>(MyInteger.java:10)
	at pkgempty.MyInteger.<init>(MyInteger.java:10)
	at pkgempty.MyInteger.<init>(MyInteger.java:10)
	at pkgempty.MyInteger.<init>(MyInteger.java:10)
	at pkgempty.MyInteger.<init>(MyInteger.java:10)
	at pkgempty.MyInteger.<init>(MyInteger.java:10)
	at pkgempty.MyInteger.<init>(MyInteger.java:10)
	at pkgempty.MyInteger.<init>(MyInteger.java:10)
	at pkgempty.MyInteger.<init>(MyInteger.java:10)
	at pkgempty.MyInteger.<init>(MyInteger.java:10)
	at pkgempty.MyInteger.<init>(MyInteger.java:10)
	at pkgempty.MyInteger.<init>(MyInteger.java:10)
	at pkgempty.MyInteger.<init>(MyInteger.java:10)
	at pkgempty.MyInteger.<init>(MyInteger.java:10)
	at pkgempty.MyInteger.<init>(MyInteger.java:10)
	at pkgempty.MyInteger.<init>(MyInteger.java:10)
	at pkgempty.MyInteger.<init>(MyInteger.java:10)
	at pkgempty.MyInteger.<init>(MyInteger.java:10)
	at pkgempty.MyInteger.<init>(MyInteger.java:10)
	at pkgempty.MyInteger.<init>(MyInteger.java:10)
	at pkgempty.MyInteger.<init>(MyInteger.java:10)
	at pkgempty.MyInteger.<init>(MyInteger.java:10)
	at pkgempty.MyInteger.<init>(MyInteger.java:10)
	at pkgempty.MyInteger.<init>(MyInteger.java:10)
	at pkgempty.MyInteger.<init>(MyInteger.java:10)
	at pkgempty.MyInteger.<init>(MyInteger.java:10)
	at pkgempty.MyInteger.<init>(MyInteger.java:10)
	at pkgempty.MyInteger.<init>(MyInteger.java:10)
	at pkgempty.MyInteger.<init>(MyInteger.java:10)
	at pkgempty.MyInteger.<init>(MyInteger.java:10)
	at pkgempty.MyInteger.<init>(MyInteger.java:10)
	at pkgempty.MyInteger.<init>(MyInteger.java:10)
	at pkgempty.MyInteger.<init>(MyInteger.java:10)
	at pkgempty.MyInteger.<init>(MyInteger.java:10)
	at pkgempty.MyInteger.<init>(MyInteger.java:10)
	at pkgempty.MyInteger.<init>(MyInteger.java:10)
	at pkgempty.MyInteger.<init>(MyInteger.java:10)
	at pkgempty.MyInteger.<init>(MyInteger.java:10)
	at pkgempty.MyInteger.<init>(MyInteger.java:10)
	at pkgempty.MyInteger.<init>(MyInteger.java:10)
	at pkgempty.MyInteger.<init>(MyInteger.java:10)
	at pkgempty.MyInteger.<init>(MyInteger.java:10)
	at pkgempty.MyInteger.<init>(MyInteger.java:10)
	at pkgempty.MyInteger.<init>(MyInteger.java:10)
	at pkgempty.MyInteger.<init>(MyInteger.java:10)
	at pkgempty.MyInteger.<init>(MyInteger.java:10)
	at pkgempty.MyInteger.<init>(MyInteger.java:10)
	at pkgempty.MyInteger.<init>(MyInteger.java:10)
	at pkgempty.MyInteger.<init>(MyInteger.java:10)
	at pkgempty.MyInteger.<init>(MyInteger.java:10)
	at pkgempty.MyInteger.<init>(MyInteger.java:10)
	at pkgempty.MyInteger.<init>(MyInteger.java:10)
	at pkgempty.MyInteger.<init>(MyInteger.java:10)
	at pkgempty.MyInteger.<init>(MyInteger.java:10)
	at pkgempty.MyInteger.<init>(MyInteger.java:10)
	at pkgempty.MyInteger.<init>(MyInteger.java:10)
	at pkgempty.MyInteger.<init>(MyInteger.java:10)
	at pkgempty.MyInteger.<init>(MyInteger.java:10)
	at pkgempty.MyInteger.<init>(MyInteger.java:10)
	at pkgempty.MyInteger.<init>(MyInteger.java:10)
	at pkgempty.MyInteger.<init>(MyInteger.java:10)
	at pkgempty.MyInteger.<init>(MyInteger.java:10)
	at pkgempty.MyInteger.<init>(MyInteger.java:10)
	at pkgempty.MyInteger.<init>(MyInteger.java:10)
	at pkgempty.MyInteger.<init>(MyInteger.java:10)
	at pkgempty.MyInteger.<init>(MyInteger.java:10)
	at pkgempty.MyInteger.<init>(MyInteger.java:10)
	at pkgempty.MyInteger.<init>(MyInteger.java:10)
	at pkgempty.MyInteger.<init>(MyInteger.java:10)
	at pkgempty.MyInteger.<init>(MyInteger.java:10)
	at pkgempty.MyInteger.<init>(MyInteger.java:10)
	at pkgempty.MyInteger.<init>(MyInteger.java:10)
	at pkgempty.MyInteger.<init>(MyInteger.java:10)
	at pkgempty.MyInteger.<init>(MyInteger.java:10)
	at pkgempty.MyInteger.<init>(MyInteger.java:10)
	at pkgempty.MyInteger.<init>(MyInteger.java:10)
	at pkgempty.MyInteger.<init>(MyInteger.java:10)
	at pkgempty.MyInteger.<init>(MyInteger.java:10)
	at pkgempty.MyInteger.<init>(MyInteger.java:10)
	at pkgempty.MyInteger.<init>(MyInteger.java:10)
	at pkgempty.MyInteger.<init>(MyInteger.java:10)
	at pkgempty.MyInteger.<init>(MyInteger.java:10)
	at pkgempty.MyInteger.<init>(MyInteger.java:10)
	at pkgempty.MyInteger.<init>(MyInteger.java:10)
	at pkgempty.MyInteger.<init>(MyInteger.java:10)
	at pkgempty.MyInteger.<init>(MyInteger.java:10)
	at pkgempty.MyInteger.<init>(MyInteger.java:10)
	at pkgempty.MyInteger.<init>(MyInteger.java:10)
	at pkgempty.MyInteger.<init>(MyInteger.java:10)
	at pkgempty.MyInteger.<init>(MyInteger.java:10)
	at pkgempty.MyInteger.<init>(MyInteger.java:10)
	at pkgempty.MyInteger.<init>(MyInteger.java:10)
	at pkgempty.MyInteger.<init>(MyInteger.java:10)
	at pkgempty.MyInteger.<init>(MyInteger.java:10)
	at pkgempty.MyInteger.<init>(MyInteger.java:10)
	at pkgempty.MyInteger.<init>(MyInteger.java:10)
	at pkgempty.MyInteger.<init>(MyInteger.java:10)
	at pkgempty.MyInteger.<init>(MyInteger.java:10)
	at pkgempty.MyInteger.<init>(MyInteger.java:10)
	at pkgempty.MyInteger.<init>(MyInteger.java:10)
	at pkgempty.MyInteger.<init>(MyInteger.java:10)
	at pkgempty.MyInteger.<init>(MyInteger.java:10)
	at pkgempty.MyInteger.<init>(MyInteger.java:10)
	at pkgempty.MyInteger.<init>(MyInteger.java:10)
	at pkgempty.MyInteger.<init>(MyInteger.java:10)
	at pkgempty.MyInteger.<init>(MyInteger.java:10)
	at pkgempty.MyInteger.<init>(MyInteger.java:10)
	at pkgempty.MyInteger.<init>(MyInteger.java:10)
	at pkgempty.MyInteger.<init>(MyInteger.java:10)
	at pkgempty.MyInteger.<init>(MyInteger.java:10)
	at pkgempty.MyInteger.<init>(MyInteger.java:10)
	at pkgempty.MyInteger.<init>(MyInteger.java:10)
	at pkgempty.MyInteger.<init>(MyInteger.java:10)
	at pkgempty.MyInteger.<init>(MyInteger.java:10)
	at pkgempty.MyInteger.<init>(MyInteger.java:10)
	at pkgempty.MyInteger.<init>(MyInteger.java:10)
	at pkgempty.MyInteger.<init>(MyInteger.java:10)
	at pkgempty.MyInteger.<init>(MyInteger.java:10)
	at pkgempty.MyInteger.<init>(MyInteger.java:10)
	at pkgempty.MyInteger.<init>(MyInteger.java:10)
	at pkgempty.MyInteger.<init>(MyInteger.java:10)
	at pkgempty.MyInteger.<init>(MyInteger.java:10)
	at pkgempty.MyInteger.<init>(MyInteger.java:10)
	at pkgempty.MyInteger.<init>(MyInteger.java:10)
	at pkgempty.MyInteger.<init>(MyInteger.java:10)
	at pkgempty.MyInteger.<init>(MyInteger.java:10)
	at pkgempty.MyInteger.<init>(MyInteger.java:10)
	at pkgempty.MyInteger.<init>(MyInteger.java:10)
	at pkgempty.MyInteger.<init>(MyInteger.java:10)
	at pkgempty.MyInteger.<init>(MyInteger.java:10)
	at pkgempty.MyInteger.<init>(MyInteger.java:10)
	at pkgempty.MyInteger.<init>(MyInteger.java:10)
	at pkgempty.MyInteger.<init>(MyInteger.java:10)
	at pkgempty.MyInteger.<init>(MyInteger.java:10)
	at pkgempty.MyInteger.<init>(MyInteger.java:10)
	at pkgempty.MyInteger.<init>(MyInteger.java:10)
	at pkgempty.MyInteger.<init>(MyInteger.java:10)
	at pkgempty.MyInteger.<init>(MyInteger.java:10)
	at pkgempty.MyInteger.<init>(MyInteger.java:10)
	at pkgempty.MyInteger.<init>(MyInteger.java:10)
	at pkgempty.MyInteger.<init>(MyInteger.java:10)
	at pkgempty.MyInteger.<init>(MyInteger.java:10)
	at pkgempty.MyInteger.<init>(MyInteger.java:10)
	at pkgempty.MyInteger.<init>(MyInteger.java:10)
	at pkgempty.MyInteger.<init>(MyInteger.java:10)
	at pkgempty.MyInteger.<init>(MyInteger.java:10)
	at pkgempty.MyInteger.<init>(MyInteger.java:10)
	at pkgempty.MyInteger.<init>(MyInteger.java:10)
	at pkgempty.MyInteger.<init>(MyInteger.java:10)
	at pkgempty.MyInteger.<init>(MyInteger.java:10)
	at pkgempty.MyInteger.<init>(MyInteger.java:10)
	at pkgempty.MyInteger.<init>(MyInteger.java:10)
	at pkgempty.MyInteger.<init>(MyInteger.java:10)
	at pkgempty.MyInteger.<init>(MyInteger.java:10)
	at pkgempty.MyInteger.<init>(MyInteger.java:10)
	at pkgempty.MyInteger.<init>(MyInteger.java:10)
	at pkgempty.MyInteger.<init>(MyInteger.java:10)
	at pkgempty.MyInteger.<init>(MyInteger.java:10)
	at pkgempty.MyInteger.<init>(MyInteger.java:10)
	at pkgempty.MyInteger.<init>(MyInteger.java:10)
	at pkgempty.MyInteger.<init>(MyInteger.java:10)
	at pkgempty.MyInteger.<init>(MyInteger.java:10)
	at pkgempty.MyInteger.<init>(MyInteger.java:10)
	at pkgempty.MyInteger.<init>(MyInteger.java:10)
	at pkgempty.MyInteger.<init>(MyInteger.java:10)
	at pkgempty.MyInteger.<init>(MyInteger.java:10)
	at pkgempty.MyInteger.<init>(MyInteger.java:10)
	at pkgempty.MyInteger.<init>(MyInteger.java:10)
	at pkgempty.MyInteger.<init>(MyInteger.java:10)
	at pkgempty.MyInteger.<init>(MyInteger.java:10)
	at pkgempty.MyInteger.<init>(MyInteger.java:10)
	at pkgempty.MyInteger.<init>(MyInteger.java:10)
	at pkgempty.MyInteger.<init>(MyInteger.java:10)
	at pkgempty.MyInteger.<init>(MyInteger.java:10)
	at pkgempty.MyInteger.<init>(MyInteger.java:10)
	at pkgempty.MyInteger.<init>(MyInteger.java:10)
	at pkgempty.MyInteger.<init>(MyInteger.java:10)
	at pkgempty.MyInteger.<init>(MyInteger.java:10)
	at pkgempty.MyInteger.<init>(MyInteger.java:10)
	at pkgempty.MyInteger.<init>(MyInteger.java:10)
	at pkgempty.MyInteger.<init>(MyInteger.java:10)
	at pkgempty.MyInteger.<init>(MyInteger.java:10)
	at pkgempty.MyInteger.<init>(MyInteger.java:10)
	at pkgempty.MyInteger.<init>(MyInteger.java:10)
	at pkgempty.MyInteger.<init>(MyInteger.java:10)
	at pkgempty.MyInteger.<init>(MyInteger.java:10)
	at pkgempty.MyInteger.<init>(MyInteger.java:10)
	at pkgempty.MyInteger.<init>(MyInteger.java:10)
	at pkgempty.MyInteger.<init>(MyInteger.java:10)
	at pkgempty.MyInteger.<init>(MyInteger.java:10)
	at pkgempty.MyInteger.<init>(MyInteger.java:10)
	at pkgempty.MyInteger.<init>(MyInteger.java:10)
	at pkgempty.MyInteger.<init>(MyInteger.java:10)
	at pkgempty.MyInteger.<init>(MyInteger.java:10)
	at pkgempty.MyInteger.<init>(MyInteger.java:10)
	at pkgempty.MyInteger.<init>(MyInteger.java:10)
	at pkgempty.MyInteger.<init>(MyInteger.java:10)
	at pkgempty.MyInteger.<init>(MyInteger.java:10)
	at pkgempty.MyInteger.<init>(MyInteger.java:10)
	at pkgempty.MyInteger.<init>(MyInteger.java:10)
	at pkgempty.MyInteger.<init>(MyInteger.java:10)
	at pkgempty.MyInteger.<init>(MyInteger.java:10)
	at pkgempty.MyInteger.<init>(MyInteger.java:10)
	at pkgempty.MyInteger.<init>(MyInteger.java:10)
	at pkgempty.MyInteger.<init>(MyInteger.java:10)
	at pkgempty.MyInteger.<init>(MyInteger.java:10)
	at pkgempty.MyInteger.<init>(MyInteger.java:10)
	at pkgempty.MyInteger.<init>(MyInteger.java:10)
	at pkgempty.MyInteger.<init>(MyInteger.java:10)
	at pkgempty.MyInteger.<init>(MyInteger.java:10)
	at pkgempty.MyInteger.<init>(MyInteger.java:10)
	at pkgempty.MyInteger.<init>(MyInteger.java:10)
	at pkgempty.MyInteger.<init>(MyInteger.java:10)
	at pkgempty.MyInteger.<init>(MyInteger.java:10)
	at pkgempty.MyInteger.<init>(MyInteger.java:10)
	at pkgempty.MyInteger.<init>(MyInteger.java:10)
	at pkgempty.MyInteger.<init>(MyInteger.java:10)
	at pkgempty.MyInteger.<init>(MyInteger.java:10)
	at pkgempty.MyInteger.<init>(MyInteger.java:10)
	at pkgempty.MyInteger.<init>(MyInteger.java:10)
	at pkgempty.MyInteger.<init>(MyInteger.java:10)
	at pkgempty.MyInteger.<init>(MyInteger.java:10)
	at pkgempty.MyInteger.<init>(MyInteger.java:10)
	at pkgempty.MyInteger.<init>(MyInteger.java:10)
	at pkgempty.MyInteger.<init>(MyInteger.java:10)
	at pkgempty.MyInteger.<init>(MyInteger.java:10)
	at pkgempty.MyInteger.<init>(MyInteger.java:10)
	at pkgempty.MyInteger.<init>(MyInteger.java:10)
	at pkgempty.MyInteger.<init>(MyInteger.java:10)
	at pkgempty.MyInteger.<init>(MyInteger.java:10)
	at pkgempty.MyInteger.<init>(MyInteger.java:10)
	at pkgempty.MyInteger.<init>(MyInteger.java:10)
	at pkgempty.MyInteger.<init>(MyInteger.java:10)
	at pkgempty.MyInteger.<init>(MyInteger.java:10)
	at pkgempty.MyInteger.<init>(MyInteger.java:10)
	at pkgempty.MyInteger.<init>(MyInteger.java:10)
	at pkgempty.MyInteger.<init>(MyInteger.java:10)
	at pkgempty.MyInteger.<init>(MyInteger.java:10)
	at pkgempty.MyInteger.<init>(MyInteger.java:10)
	at pkgempty.MyInteger.<init>(MyInteger.java:10)
	at pkgempty.MyInteger.<init>(MyInteger.java:10)
	at pkgempty.MyInteger.<init>(MyInteger.java:10)
	at pkgempty.MyInteger.<init>(MyInteger.java:10)
	at pkgempty.MyInteger.<init>(MyInteger.java:10)
	at pkgempty.MyInteger.<init>(MyInteger.java:10)
	at pkgempty.MyInteger.<init>(MyInteger.java:10)
	at pkgempty.MyInteger.<init>(MyInteger.java:10)
	at pkgempty.MyInteger.<init>(MyInteger.java:10)
	at pkgempty.MyInteger.<init>(MyInteger.java:10)
	at pkgempty.MyInteger.<init>(MyInteger.java:10)
	at pkgempty.MyInteger.<init>(MyInteger.java:10)
	at pkgempty.MyInteger.<init>(MyInteger.java:10)
	at pkgempty.MyInteger.<init>(MyInteger.java:10)
	at pkgempty.MyInteger.<init>(MyInteger.java:10)
	at pkgempty.MyInteger.<init>(MyInteger.java:10)
	at pkgempty.MyInteger.<init>(MyInteger.java:10)
	at pkgempty.MyInteger.<init>(MyInteger.java:10)
	at pkgempty.MyInteger.<init>(MyInteger.java:10)
	at pkgempty.MyInteger.<init>(MyInteger.java:10)
	at pkgempty.MyInteger.<init>(MyInteger.java:10)
	at pkgempty.MyInteger.<init>(MyInteger.java:10)
	at pkgempty.MyInteger.<init>(MyInteger.java:10)
	at pkgempty.MyInteger.<init>(MyInteger.java:10)
	at pkgempty.MyInteger.<init>(MyInteger.java:10)
	at pkgempty.MyInteger.<init>(MyInteger.java:10)
	at pkgempty.MyInteger.<init>(MyInteger.java:10)
	at pkgempty.MyInteger.<init>(MyInteger.java:10)
	at pkgempty.MyInteger.<init>(MyInteger.java:10)
	at pkgempty.MyInteger.<init>(MyInteger.java:10)
	at pkgempty.MyInteger.<init>(MyInteger.java:10)
	at pkgempty.MyInteger.<init>(MyInteger.java:10)
	at pkgempty.MyInteger.<init>(MyInteger.java:10)
	at pkgempty.MyInteger.<init>(MyInteger.java:10)
	at pkgempty.MyInteger.<init>(MyInteger.java:10)
	at pkgempty.MyInteger.<init>(MyInteger.java:10)
	at pkgempty.MyInteger.<init>(MyInteger.java:10)
	at pkgempty.MyInteger.<init>(MyInteger.java:10)
	at pkgempty.MyInteger.<init>(MyInteger.java:10)
	at pkgempty.MyInteger.<init>(MyInteger.java:10)
	at pkgempty.MyInteger.<init>(MyInteger.java:10)
	at pkgempty.MyInteger.<init>(MyInteger.java:10)
	at pkgempty.MyInteger.<init>(MyInteger.java:10)
	at pkgempty.MyInteger.<init>(MyInteger.java:10)
	at pkgempty.MyInteger.<init>(MyInteger.java:10)
	at pkgempty.MyInteger.<init>(MyInteger.java:10)
	at pkgempty.MyInteger.<init>(MyInteger.java:10)
	at pkgempty.MyInteger.<init>(MyInteger.java:10)
	at pkgempty.MyInteger.<init>(MyInteger.java:10)
	at pkgempty.MyInteger.<init>(MyInteger.java:10)
	at pkgempty.MyInteger.<init>(MyInteger.java:10)
	at pkgempty.MyInteger.<init>(MyInteger.java:10)
	at pkgempty.MyInteger.<init>(MyInteger.java:10)
	at pkgempty.MyInteger.<init>(MyInteger.java:10)
	at pkgempty.MyInteger.<init>(MyInteger.java:10)
	at pkgempty.MyInteger.<init>(MyInteger.java:10)
	at pkgempty.MyInteger.<init>(MyInteger.java:10)
	at pkgempty.MyInteger.<init>(MyInteger.java:10)
	at pkgempty.MyInteger.<init>(MyInteger.java:10)
	at pkgempty.MyInteger.<init>(MyInteger.java:10)
	at pkgempty.MyInteger.<init>(MyInteger.java:10)
	at pkgempty.MyInteger.<init>(MyInteger.java:10)
	at pkgempty.MyInteger.<init>(MyInteger.java:10)
	at pkgempty.MyInteger.<init>(MyInteger.java:10)
	at pkgempty.MyInteger.<init>(MyInteger.java:10)
	at pkgempty.MyInteger.<init>(MyInteger.java:10)
	at pkgempty.MyInteger.<init>(MyInteger.java:10)
	at pkgempty.MyInteger.<init>(MyInteger.java:10)
	at pkgempty.MyInteger.<init>(MyInteger.java:10)
	at pkgempty.MyInteger.<init>(MyInteger.java:10)
	at pkgempty.MyInteger.<init>(MyInteger.java:10)
	at pkgempty.MyInteger.<init>(MyInteger.java:10)
	at pkgempty.MyInteger.<init>(MyInteger.java:10)
	at pkgempty.MyInteger.<init>(MyInteger.java:10)
	at pkgempty.MyInteger.<init>(MyInteger.java:10)
	at pkgempty.MyInteger.<init>(MyInteger.java:10)
	at pkgempty.MyInteger.<init>(MyInteger.java:10)
	at pkgempty.MyInteger.<init>(MyInteger.java:10)
	at pkgempty.MyInteger.<init>(MyInteger.java:10)
	at pkgempty.MyInteger.<init>(MyInteger.java:10)
	at pkgempty.MyInteger.<init>(MyInteger.java:10)
	at pkgempty.MyInteger.<init>(MyInteger.java:10)
	at pkgempty.MyInteger.<init>(MyInteger.java:10)
	at pkgempty.MyInteger.<init>(MyInteger.java:10)
	at pkgempty.MyInteger.<init>(MyInteger.java:10)
	at pkgempty.MyInteger.<init>(MyInteger.java:10)
	at pkgempty.MyInteger.<init>(MyInteger.java:10)
	at pkgempty.MyInteger.<init>(MyInteger.java:10)
	at pkgempty.MyInteger.<init>(MyInteger.java:10)
	at pkgempty.MyInteger.<init>(MyInteger.java:10)
	at pkgempty.MyInteger.<init>(MyInteger.java:10)
	at pkgempty.MyInteger.<init>(MyInteger.java:10)
	at pkgempty.MyInteger.<init>(MyInteger.java:10)
	at pkgempty.MyInteger.<init>(MyInteger.java:10)
	at pkgempty.MyInteger.<init>(MyInteger.java:10)
	at pkgempty.MyInteger.<init>(MyInteger.java:10)
	at pkgempty.MyInteger.<init>(MyInteger.java:10)
	at pkgempty.MyInteger.<init>(MyInteger.java:10)
	at pkgempty.MyInteger.<init>(MyInteger.java:10)
	at pkgempty.MyInteger.<init>(MyInteger.java:10)
	at pkgempty.MyInteger.<init>(MyInteger.java:10)
	at pkgempty.MyInteger.<init>(MyInteger.java:10)
	at pkgempty.MyInteger.<init>(MyInteger.java:10)
	at pkgempty.MyInteger.<init>(MyInteger.java:10)
	at pkgempty.MyInteger.<init>(MyInteger.java:10)
	at pkgempty.MyInteger.<init>(MyInteger.java:10)
	at pkgempty.MyInteger.<init>(MyInteger.java:10)
	at pkgempty.MyInteger.<init>(MyInteger.java:10)
	at pkgempty.MyInteger.<init>(MyInteger.java:10)
	at pkgempty.MyInteger.<init>(MyInteger.java:10)
	at pkgempty.MyInteger.<init>(MyInteger.java:10)
	at pkgempty.MyInteger.<init>(MyInteger.java:10)
	at pkgempty.MyInteger.<init>(MyInteger.java:10)
	at pkgempty.MyInteger.<init>(MyInteger.java:10)
	at pkgempty.MyInteger.<init>(MyInteger.java:10)
	at pkgempty.MyInteger.<init>(MyInteger.java:10)
	at pkgempty.MyInteger.<init>(MyInteger.java:10)
	at pkgempty.MyInteger.<init>(MyInteger.java:10)
	at pkgempty.MyInteger.<init>(MyInteger.java:10)
	at pkgempty.MyInteger.<init>(MyInteger.java:10)
	at pkgempty.MyInteger.<init>(MyInteger.java:10)
	at pkgempty.MyInteger.<init>(MyInteger.java:10)
	at pkgempty.MyInteger.<init>(MyInteger.java:10)
	at pkgempty.MyInteger.<init>(MyInteger.java:10)
	at pkgempty.MyInteger.<init>(MyInteger.java:10)
	at pkgempty.MyInteger.<init>(MyInteger.java:10)
	at pkgempty.MyInteger.<init>(MyInteger.java:10)
	at pkgempty.MyInteger.<init>(MyInteger.java:10)
	at pkgempty.MyInteger.<init>(MyInteger.java:10)
	at pkgempty.MyInteger.<init>(MyInteger.java:10)
	at pkgempty.MyInteger.<init>(MyInteger.java:10)
	at pkgempty.MyInteger.<init>(MyInteger.java:10)
	at pkgempty.MyInteger.<init>(MyInteger.java:10)
	at pkgempty.MyInteger.<init>(MyInteger.java:10)
	at pkgempty.MyInteger.<init>(MyInteger.java:10)
	at pkgempty.MyInteger.<init>(MyInteger.java:10)
	at pkgempty.MyInteger.<init>(MyInteger.java:10)
	at pkgempty.MyInteger.<init>(MyInteger.java:10)
	at pkgempty.MyInteger.<init>(MyInteger.java:10)
	at pkgempty.MyInteger.<init>(MyInteger.java:10)
	at pkgempty.MyInteger.<init>(MyInteger.java:10)
	at pkgempty.MyInteger.<init>(MyInteger.java:10)
	at pkgempty.MyInteger.<init>(MyInteger.java:10)
	at pkgempty.MyInteger.<init>(MyInteger.java:10)
	at pkgempty.MyInteger.<init>(MyInteger.java:10)
	at pkgempty.MyInteger.<init>(MyInteger.java:10)
	at pkgempty.MyInteger.<init>(MyInteger.java:10)
	at pkgempty.MyInteger.<init>(MyInteger.java:10)
	at pkgempty.MyInteger.<init>(MyInteger.java:10)
	at pkgempty.MyInteger.<init>(MyInteger.java:10)
	at pkgempty.MyInteger.<init>(MyInteger.java:10)
	at pkgempty.MyInteger.<init>(MyInteger.java:10)
	at pkgempty.MyInteger.<init>(MyInteger.java:10)
	at pkgempty.MyInteger.<init>(MyInteger.java:10)
	at pkgempty.MyInteger.<init>(MyInteger.java:10)
	at pkgempty.MyInteger.<init>(MyInteger.java:10)
	at pkgempty.MyInteger.<init>(MyInteger.java:10)
	at pkgempty.MyInteger.<init>(MyInteger.java:10)
	at pkgempty.MyInteger.<init>(MyInteger.java:10)
	at pkgempty.MyInteger.<init>(MyInteger.java:10)
	at pkgempty.MyInteger.<init>(MyInteger.java:10)
	at pkgempty.MyInteger.<init>(MyInteger.java:10)
	at pkgempty.MyInteger.<init>(MyInteger.java:10)
	at pkgempty.MyInteger.<init>(MyInteger.java:10)
	at pkgempty.MyInteger.<init>(MyInteger.java:10)
	at pkgempty.MyInteger.<init>(MyInteger.java:10)
	at pkgempty.MyInteger.<init>(MyInteger.java:10)
	at pkgempty.MyInteger.<init>(MyInteger.java:10)
	at pkgempty.MyInteger.<init>(MyInteger.java:10)
	at pkgempty.MyInteger.<init>(MyInteger.java:10)
	at pkgempty.MyInteger.<init>(MyInteger.java:10)
	at pkgempty.MyInteger.<init>(MyInteger.java:10)
	at pkgempty.MyInteger.<init>(MyInteger.java:10)
	at pkgempty.MyInteger.<init>(MyInteger.java:10)
	at pkgempty.MyInteger.<init>(MyInteger.java:10)
	at pkgempty.MyInteger.<init>(MyInteger.java:10)
	at pkgempty.MyInteger.<init>(MyInteger.java:10)
	at pkgempty.MyInteger.<init>(MyInteger.java:10)
	at pkgempty.MyInteger.<init>(MyInteger.java:10)

